2021-09-24 18:50:51.247  INFO 11600 --- [XNIO-1 I/O-2] lavalink.server.io.SocketServer          : {"op":"volume","guildId":"488064748223463434","volume":100}
2021-09-24 18:50:51.309  INFO 11600 --- [XNIO-1 task-11] l.server.player.AudioLoaderRestHandler   : Got request to load for identifier "https://youtu.be/lr3daVmYums"
2021-09-24 18:50:51.572  INFO 11600 --- [XNIO-1 I/O-2] lavalink.server.io.SocketServer          : {"sessionId":"663221099cc90a843bd149f5afd27712","op":"voiceUpdate","guildId":"488064748223463434","event":{"token":"c190c25625f0a1f2","guild_id":"488064748223463434","endpoint":"us-west1312.discord.media:443"}}
2021-09-24 18:50:52.031  INFO 11600 --- [lava-daemon-pool-info-loader-2-thread-1] lavalink.server.player.AudioLoader       : Loaded track The bellow... of a wild animal....
2021-09-24 18:50:52.040  INFO 11600 --- [XNIO-1 I/O-2] lavalink.server.io.SocketServer          : {"op":"play","guildId":"488064748223463434","track":"QAAAhwIAIlRoZSBiZWxsb3cuLi4gb2YgYSB3aWxkIGFuaW1hbC4uLi4AC0dyZWVrRGFkIDU2AAAAAAAASjgAC2xyM2RhVm1ZdW1zAAEAK2h0dHBzOi8vd3d3LnlvdXR1YmUuY29tL3dhdGNoP3Y9bHIzZGFWbVl1bXMAB3lvdXR1YmUAAAAAAAAAAA=="}
2021-09-24 18:51:18.954  INFO 11600 --- [XNIO-1 I/O-2] lavalink.server.io.SocketServer          : {"op":"destroy","guildId":"488064748223463434"}
2021-09-24 19:23:09.491  INFO 11600 --- [XNIO-1 I/O-2] lavalink.server.io.SocketServer          : {"op":"volume","guildId":"488064748223463434","volume":100}
2021-09-24 19:23:09.493  INFO 11600 --- [XNIO-1 task-13] l.server.player.AudioLoaderRestHandler   : Got request to load for identifier "https://www.youtube.com/watch?v=sNVOmuVRtAo"
2021-09-24 19:23:09.891  INFO 11600 --- [XNIO-1 I/O-2] lavalink.server.io.SocketServer          : {"sessionId":"663221099cc90a843bd149f5afd27712","op":"voiceUpdate","guildId":"488064748223463434","event":{"token":"b040064b41d2181e","guild_id":"488064748223463434","endpoint":"us-west1312.discord.media:443"}}
2021-09-24 19:23:10.226  INFO 11600 --- [lava-daemon-pool-info-loader-2-thread-1] lavalink.server.player.AudioLoader       : Loaded track Oh' Crikey   It's The Albanian Rozzers
2021-09-24 19:23:10.231  INFO 11600 --- [XNIO-1 I/O-2] lavalink.server.io.SocketServer          : {"op":"play","guildId":"488064748223463434","track":"QAAAigIAJk9oJyBDcmlrZXkgICBJdCdzIFRoZSBBbGJhbmlhbiBSb3p6ZXJzAApIZWlra2kgUGVlAAAAAAAAD6AAC3NOVk9tdVZSdEFvAAEAK2h0dHBzOi8vd3d3LnlvdXR1YmUuY29tL3dhdGNoP3Y9c05WT211VlJ0QW8AB3lvdXR1YmUAAAAAAAAAAA=="}
2021-09-24 19:23:18.001  INFO 11600 --- [XNIO-1 I/O-2] lavalink.server.io.SocketServer          : {"op":"destroy","guildId":"488064748223463434"}
2021-09-24 19:41:50.294  INFO 11600 --- [XNIO-1 I/O-2] lavalink.server.io.SocketServer          : {"op":"volume","guildId":"488064748223463434","volume":100}
2021-09-24 19:41:50.296  INFO 11600 --- [XNIO-1 task-15] l.server.player.AudioLoaderRestHandler   : Got request to load for identifier "https://youtu.be/bCNdwq4IhAM"
2021-09-24 19:41:50.621  INFO 11600 --- [XNIO-1 I/O-2] lavalink.server.io.SocketServer          : {"sessionId":"663221099cc90a843bd149f5afd27712","op":"voiceUpdate","guildId":"488064748223463434","event":{"token":"05c645e47e803b90","guild_id":"488064748223463434","endpoint":"us-west1312.discord.media:443"}}
2021-09-24 19:41:51.556  INFO 11600 --- [lava-daemon-pool-info-loader-2-thread-1] lavalink.server.player.AudioLoader       : Loaded track Clarkson, you insufferable oaf.
2021-09-24 19:41:51.563  INFO 11600 --- [XNIO-1 I/O-2] lavalink.server.io.SocketServer          : {"op":"play","guildId":"488064748223463434","track":"QAAAkwIAH0NsYXJrc29uLCB5b3UgaW5zdWZmZXJhYmxlIG9hZi4AGkRyYWZ0eSBEYWZ0eSBIdWJlcnQgTydIYXJlAAAAAAAAIygAC2JDTmR3cTRJaEFNAAEAK2h0dHBzOi8vd3d3LnlvdXR1YmUuY29tL3dhdGNoP3Y9YkNOZHdxNEloQU0AB3lvdXR1YmUAAAAAAAAAAA=="}
2021-09-24 19:42:01.570  WARN 11600 --- [nioEventLoopGroup-2-4] lavalink.server.player.EventEmitter      : Clarkson, you insufferable oaf. got stuck! Threshold surpassed: 10000
2021-09-24 19:42:01.570  INFO 11600 --- [XNIO-1 I/O-2] lavalink.server.io.SocketServer          : {"op":"stop","guildId":"488064748223463434"}
2021-09-24 19:42:01.571  INFO 11600 --- [XNIO-1 I/O-2] lavalink.server.io.SocketServer          : {"op":"destroy","guildId":"488064748223463434"}
